<?xml version="1.0" encoding="UTF-8"?>
<testng-results total="1" passed="1" failed="0" skipped="0">
  <reporter-output>
  </reporter-output>
  <suite started-at="2018-05-12T17:11:50Z" name="Mavan Test" finished-at="2018-05-12T17:11:54Z" duration-ms="4119">
    <groups>
    </groups>
    <test started-at="2018-05-12T17:11:50Z" name="Exercise" finished-at="2018-05-12T17:11:54Z" duration-ms="4119">
      <class name="com.project.MavenExample">
        <test-method signature="TestNew()[pri:0, instance:com.project.MavenExample@34a3d150]" started-at="2018-05-12T13:11:50Z" name="TestNew" finished-at="2018-05-12T13:11:54Z" duration-ms="4109" status="PASS">
          <reporter-output>
          </reporter-output>
        </test-method> <!-- TestNew -->
      </class> <!-- com.project.MavenExample -->
    </test> <!-- Exercise -->
  </suite> <!-- Mavan Test -->
</testng-results>
