<?xml version="1.0" encoding="UTF-8"?>
<testng-results total="1" passed="1" failed="0" skipped="0">
  <reporter-output>
  </reporter-output>
  <suite started-at="2018-05-23T01:11:33Z" name="Default suite" finished-at="2018-05-23T01:11:38Z" duration-ms="5488">
    <groups>
    </groups>
    <test started-at="2018-05-23T01:11:33Z" name="Default test" finished-at="2018-05-23T01:11:38Z" duration-ms="5488">
      <class name="com.project.MavenExample">
        <test-method signature="TestNew()[pri:0, instance:com.project.MavenExample@2df3b89c]" started-at="2018-05-22T21:11:33Z" name="TestNew" finished-at="2018-05-22T21:11:38Z" duration-ms="5467" status="PASS">
          <reporter-output>
          </reporter-output>
        </test-method> <!-- TestNew -->
      </class> <!-- com.project.MavenExample -->
    </test> <!-- Default test -->
  </suite> <!-- Default suite -->
</testng-results>
